<?xml version="1.0" encoding="UTF-8"?>
<!-- Generated by org.testng.reporters.JUnitReportReporter -->
<testsuite hostname="zaHoo-DESKTOP" failures="0" tests="1" name="meme.generator.backend.model.MemeTest" time="0.021" errors="0" timestamp="2022-12-05T11:54:44 CAT" skipped="0">
  <testcase classname="meme.generator.backend.model.MemeTest" name="constructorShouldSetAllValue" time="0.021"/>
  <system-out/>
</testsuite> <!-- meme.generator.backend.model.MemeTest -->
